[2025-06-27 00:24:38] Executing: dev_cpu_boost.sh - Abilitazione CPU Boost
[2025-06-27 00:24:38] SUCCESS: dev_cpu_boost.sh completed
[2025-06-27 00:24:43] Executing: dev_memory_optimization.sh - Ottimizzazione Memoria
[2025-06-27 00:24:43] SUCCESS: dev_memory_optimization.sh completed
[2025-06-27 00:24:46] Executing: dev_ssd_optimization.sh - Ottimizzazione SSD
[2025-06-27 00:25:21] SUCCESS: dev_ssd_optimization.sh completed
[2025-06-27 00:25:48] Executing: dev_grub_advanced.sh - Ottimizzazione Boot
[2025-06-27 00:25:55] SUCCESS: dev_grub_advanced.sh completed
[2025-06-27 00:26:06] Executing: dev_desktop_advanced.sh - Ottimizzazione Desktop
[2025-06-27 00:26:06] SUCCESS: dev_desktop_advanced.sh completed
[2025-06-27 00:26:11] Executing: services_optimization.sh - Ottimizzazione Servizi
[2025-06-27 00:26:13] SUCCESS: services_optimization.sh completed
[2025-06-27 00:26:19] Executing: dev_software_stack.sh - Installazione Dev Stack
[2025-06-27 00:27:11] SUCCESS: dev_software_stack.sh completed
[2025-06-27 00:27:20] Executing: dev_monitoring_compact.sh - Setup Monitoraggio
[2025-06-27 00:27:41] SUCCESS: dev_monitoring_compact.sh completed
[2025-06-27 00:36:03] Executing: dev_backup_safety.sh - Backup Completo
[2025-06-27 00:36:19] SUCCESS: dev_backup_safety.sh completed
[2025-06-27 00:36:38] Executing: dev_backup_safety.sh - Backup Sicurezza
[2025-06-27 00:36:49] SUCCESS: dev_backup_safety.sh completed
[2025-06-27 00:36:49] Executing: dev_cpu_boost.sh - Abilitazione CPU Boost
[2025-06-27 00:36:49] SUCCESS: dev_cpu_boost.sh completed
[2025-06-27 00:36:49] Executing: dev_memory_optimization.sh - Ottimizzazione Memoria
[2025-06-27 00:36:49] SUCCESS: dev_memory_optimization.sh completed
[2025-06-27 00:36:49] Executing: dev_ssd_optimization.sh - Ottimizzazione SSD
[2025-06-27 00:37:28] SUCCESS: dev_ssd_optimization.sh completed
[2025-06-27 00:37:28] Executing: dev_grub_advanced.sh - Ottimizzazione Boot
[2025-06-27 00:37:36] SUCCESS: dev_grub_advanced.sh completed
[2025-06-27 00:37:36] Executing: dev_desktop_advanced.sh - Ottimizzazione Desktop
[2025-06-27 00:37:37] SUCCESS: dev_desktop_advanced.sh completed
[2025-06-27 00:37:37] Executing: services_optimization.sh - Ottimizzazione Servizi
[2025-06-27 00:37:37] SUCCESS: services_optimization.sh completed
[2025-06-27 00:37:37] Executing: dev_monitoring_compact.sh - Setup Monitoraggio
[2025-06-27 00:37:37] SUCCESS: dev_monitoring_compact.sh completed
